<?xml version="1.0" encoding="UTF-8"?>
<!-- Generated by org.testng.reporters.JUnitReportReporter -->
<testsuite hostname="MBGNW0287" failures="0" tests="11" name="pomscripts.SmokeTests" time="85.003" errors="0" timestamp="2022-06-25T22:27:28 EEST" skipped="0">
  <testcase classname="pomscripts.SmokeTests" name="registerAlreadyCreatedUser" time="15.195"/>
  <system-out/>
  <testcase classname="pomscripts.SmokeTests" name="loginTest" time="4.347"/>
  <system-out/>
  <testcase classname="pomscripts.SmokeTests" name="likePost" time="5.748"/>
  <system-out/>
  <testcase classname="pomscripts.SmokeTests" name="dislikePost" time="7.454"/>
  <system-out/>
  <testcase classname="pomscripts.SmokeTests" name="followUnfollowUser" time="11.078"/>
  <system-out/>
  <testcase classname="pomscripts.SmokeTests" name="navigateToUsersProfile" time="8.399"/>
  <system-out/>
  <testcase classname="pomscripts.SmokeTests" name="navigateToMyProfile" time="5.395"/>
  <system-out/>
  <testcase classname="pomscripts.SmokeTests" name="followersModal" time="5.814"/>
  <system-out/>
  <testcase classname="pomscripts.SmokeTests" name="followingsModal" time="9.255"/>
  <system-out/>
  <testcase classname="pomscripts.SmokeTests" name="modifyProfileInfo" time="7.059"/>
  <system-out/>
  <testcase classname="pomscripts.SmokeTests" name="logOut" time="5.259"/>
  <system-out/>
</testsuite> <!-- pomscripts.SmokeTests -->
